
Showing logs for build [32mcb-kubecd-environment-pr-1505-8-2kd6t-1[0m stage [32mfrom-build-pack[0m and container [32mstep-credential-initializer-h6z5b[0m
{"level":"info","ts":1590505617.725604,"logger":"fallback-logger","caller":"logging/config.go:69","msg":"Fetch GitHub commit ID from kodata failed: open /var/run/ko/refs/heads/0.8.0-ns-support: no such file or directory"}
{"level":"info","ts":1590505617.726588,"logger":"fallback-logger","caller":"creds-init/main.go:40","msg":"Credentials initialized."}

Showing logs for build [32mcb-kubecd-environment-pr-1505-8-2kd6t-1[0m stage [32mfrom-build-pack[0m and container [32mstep-working-dir-initializer-j2vvk[0m
{"level":"info","ts":1590505618.5687885,"logger":"fallback-logger","caller":"logging/config.go:69","msg":"Fetch GitHub commit ID from kodata failed: open /var/run/ko/HEAD: no such file or directory"}
{"level":"info","ts":1590505618.5704532,"logger":"fallback-logger","caller":"bash/main.go:64","msg":"Successfully executed command \"sh -c mkdir -p /workspace/source\"; output "}

Showing logs for build [32mcb-kubecd-environment-pr-1505-8-2kd6t-1[0m stage [32mfrom-build-pack[0m and container [32mstep-place-tools[0m

Showing logs for build [32mcb-kubecd-environment-pr-1505-8-2kd6t-1[0m stage [32mfrom-build-pack[0m and container [32mstep-git-source-cb-kubecd-environment-pr-1505-8-2kd6t-vzfwj[0m
{"level":"info","ts":1590505647.6013815,"logger":"fallback-logger","caller":"logging/config.go:69","msg":"Fetch GitHub commit ID from kodata failed: open /var/run/ko/refs/heads/0.8.0-ns-support: no such file or directory"}
{"level":"info","ts":1590505648.6294591,"logger":"fallback-logger","caller":"git/git.go:103","msg":"Successfully cloned https://github.com/cb-kubecd/environment-pr-1505-8-bdd-frontend-staging.git @ master in path /workspace/source"}

Showing logs for build [32mcb-kubecd-environment-pr-1505-8-2kd6t-1[0m stage [32mfrom-build-pack[0m and container [32mstep-git-merge[0m
Using SHAs from PULL_REFS=master:0c6cde1f819e17038039c85abf0b9d9ba371bb5f,1:a2fd8e62d0e15dafd4c8c69e9cbfd775d72b2c62
DEBUG: LC_ALL=C JX_LOG_LEVEL=error git fetch origin --unshallow a2fd8e62d0e15dafd4c8c69e9cbfd775d72b2c62: 0c6cde1f819e17038039c85abf0b9d9ba371bb5f:
DEBUG: ran git fetch --unshallow origin a2fd8e62d0e15dafd4c8c69e9cbfd775d72b2c62: 0c6cde1f819e17038039c85abf0b9d9ba371bb5f: in 
DEBUG: LC_ALL=C JX_LOG_LEVEL=error git branch
DEBUG: JX_LOG_LEVEL=error LC_ALL=C git checkout master
DEBUG: ran git checkout master in 
DEBUG: LC_ALL=C JX_LOG_LEVEL=error git reset --hard 0c6cde1f819e17038039c85abf0b9d9ba371bb5f
DEBUG: ran git reset --hard 0c6cde1f819e17038039c85abf0b9d9ba371bb5f in 
DEBUG: LC_ALL=C JX_LOG_LEVEL=error git clean -fd .
DEBUG: ran clean --force -d . in 
DEBUG: LC_ALL=C JX_LOG_LEVEL=error git merge a2fd8e62d0e15dafd4c8c69e9cbfd775d72b2c62
DEBUG: ran git merge a2fd8e62d0e15dafd4c8c69e9cbfd775d72b2c62 in 
DEBUG: LC_ALL=C JX_LOG_LEVEL=error git log --format=%H%x1f%an%x1f%ae%x1f%cn%x1f%ce%x1f%s%n%b%x1e 0c6cde1f819e17038039c85abf0b9d9ba371bb5f..HEAD
Merged SHA a2fd8e62d0e15dafd4c8c69e9cbfd775d72b2c62 with commit message 'chore: Promote bdd-nh-1590504574 to version 0.0.1' into base branch master

Showing logs for build [32mcb-kubecd-environment-pr-1505-8-2kd6t-1[0m stage [32mfrom-build-pack[0m and container [32mstep-build-helm-build[0m
WARNING: No $CHART_REPOSITORY defined so using the default value of: http://jenkins-x-chartmuseum:8080
Adding missing Helm repo: storage.googleapis.com https://storage.googleapis.com/chartmuseum.jenkins-x.io
WARNING: No secrets found on "helm/repos" due: reading the secret "helm/repos" from vault: no secret "helm/repos" not found in vault
Read credentials for https://storage.googleapis.com/chartmuseum.jenkins-x.io from vault helm/repos
Successfully added Helm repository storage.googleapis.com.
Adding missing Helm repo: jenkins-x-chartmuseum http://jenkins-x-chartmuseum:8080
WARNING: No secrets found on "helm/repos" due: reading the secret "helm/repos" from vault: no secret "helm/repos" not found in vault
Read credentials for http://jenkins-x-chartmuseum:8080 from vault helm/repos
Successfully added Helm repository jenkins-x-chartmuseum.
WARNING: No $CHART_REPOSITORY defined so using the default value of: http://jenkins-x-chartmuseum:8080
Adding missing Helm repo: chartmuseum.jenkins-x.io http://chartmuseum.jenkins-x.io
WARNING: No secrets found on "helm/repos" due: reading the secret "helm/repos" from vault: no secret "helm/repos" not found in vault
Read credentials for http://chartmuseum.jenkins-x.io from vault helm/repos
Successfully added Helm repository chartmuseum.jenkins-x.io.
